(/usr/share/texmf/tex/context/base/cont-yes.mkiv

ConTeXt  ver: 2013.05.28 00:36 MKIV current  fmt: 2015.8.19  int: english/english

system          > 'cont-new.mkiv' loaded
(/usr/share/texmf/tex/context/base/cont-new.mkiv)
system          > files > jobname 'bdevries-cv', input './bdevries-cv', result 'bdevries-cv'
fonts           > latin modern fonts are not preloaded
languages       > language 'en' is active
(/home/bert/Dropbox/Public/cv/bdevries-cv.tex
colors          > defining > unknown library 'hex'
fonts           > typescripts > unknown library 'loc'
(/usr/share/texmf/tex/context/base/type-imp-texgyre.mkiv){/usr/share/texmf/fonts/map/dvips/lm/lm-math.map}{/usr/share/texmf/fonts/map/dvips/lm/lm-rm.map}{/usr/share/texmf/fonts/map/pdftex/context/mkiv-base.map}
structure       > sectioning > subsection @ level 4 : 0.0.0.1 -> Principal Interests
structure       > sectioning > subsection @ level 4 : 0.0.0.2 -> Academic Background
structure       > sectioning > subsection @ level 4 : 0.0.0.3 -> Employment History

Overfull \hbox (2.22954pt too wide) in paragraph at lines 148--151
 [][]\3>helvetica-11pt-ss-bf-0--0 Prin-ci-pal Sci-en-tist\3>helvetica-11pt-ss-tf-0--0 , \3>helvetica-11pt-ss-bf-0--0 GN Re-Sound \3>helvetica-11pt-ss-tf-0--0 (Philips Hear-ing Tech-nolo-gies un-til 2001), Eind-

\hbox(11.62029+4.51895)x483.69687, glue set - 1.0, direction TLT
.\glue(\leftskip) 91.0488
.\whatsit
..\localinterlinepenalty=0
..\localbrokenpenalty=0
..\localleftbox=null
..\localrightbox=null
.\hbox(11.62029+4.51895)x0.0, glue set - 91.0488fil, direction TLT
..\glue 0.0 plus 1.0fil minus 1.0fil
..\hbox(11.62029+4.51895)x91.0488, direction TLT
...\hbox(11.62029+4.51895)x91.0488, glue set 39.83385fil, direction TLT []
.\3>helvetica-11pt-ss-bf-0--0 P
.\3>helvetica-11pt-ss-bf-0--0 r
.etc.

backend         > xmp > using file '/usr/share/texmf/tex/context/base/lpdf-pdx.xml'
pages           > flushing realpage 1, userpage 1
structure       > sectioning > subsection @ level 4 : 0.0.0.4 -> Special Achievements
structure       > sectioning > subsubsection @ level 5 : 0.0.0.4.1 -> Awards
structure       > sectioning > subsubsection @ level 5 : 0.0.0.4.2 -> Invited Lectures (selection)

Overfull \hbox (9.36499pt too wide) in paragraph at lines 239--242
 [][][][] \3>helvetica-11pt-ss-tf-0--0 Keynote lec-ture on [] []“  The Fu-ture of Hear-ing Aid per-son-al-iza-tion []  ”, Cochlear/Re-Sound Event, Sep.2016 

\hbox(11.62029+4.51895)x483.69687, glue set - 1.0, direction TLT
.\glue(\leftskip) 16.5
.\whatsit
..\localinterlinepenalty=0
..\localbrokenpenalty=0
..\localleftbox=null
..\localrightbox=null
.\hbox(0.0+0.0)x0.0, direction TLT
.\hbox(11.62029+4.51895)x0.0, glue set - 16.5fil, direction TLT
..\glue 0.0 plus 1.0fil minus 1.0fil
..\hbox(11.62029+4.51895)x16.5, direction TLT
...\hbox(11.62029+4.51895)x16.5, glue set 10.17503fil, direction TLT []
.\hbox(11.62029+4.51895)x0.0, direction TLT
.etc.


Overfull \hbox (0.50847pt too wide) in paragraph at lines 250--253
 [][][][] \3>helvetica-11pt-ss-tf-0--0 Rad-boud Uni-ver-sity Ni-jmegen, [] []“  Prob-a-bilis-tic Hear-ing Loss Com-pen-sa-tion []  ”, Ni-jmegen, March 2015 

\hbox(11.62029+4.51895)x483.69687, glue set - 1.0, direction TLT
.\glue(\leftskip) 16.5
.\whatsit
..\localinterlinepenalty=0
..\localbrokenpenalty=0
..\localleftbox=null
..\localrightbox=null
.\hbox(0.0+0.0)x0.0, direction TLT
.\hbox(11.62029+4.51895)x0.0, glue set - 16.5fil, direction TLT
..\glue 0.0 plus 1.0fil minus 1.0fil
..\hbox(11.62029+4.51895)x16.5, direction TLT
...\hbox(11.62029+4.51895)x16.5, glue set 10.17503fil, direction TLT []
.\hbox(11.62029+4.51895)x0.0, direction TLT
.etc.

pages           > flushing realpage 2, userpage 2
structure       > sectioning > subsubsection @ level 5 : 0.0.0.4.3 -> Professional Activities (selection)
structure       > sectioning > subsubsection @ level 5 : 0.0.0.4.4 -> Refereed Publications
pages           > flushing realpage 3, userpage 3
structure       > sectioning > subsection @ level 4 : 0.0.0.5 -> Activities at Eindhoven Univ. of Technology (TU/e)
structure       > sectioning > subsubsection @ level 5 : 0.0.0.5.1 -> Research Funding
structure       > sectioning > subsubsection @ level 5 : 0.0.0.5.2 -> Teaching
structure       > sectioning > subsubsection @ level 5 : 0.0.0.5.3 -> Student Supervision

Overfull \hbox (2.32315pt too wide) in paragraph at lines 460--465
 [][][][] \3>helvetica-11pt-ss-tf-0--0 8/2013, Timur Bagaut-di-nov, M.Sc. the-sis project, \3>helvetica-11pt-ss-bs-0--0 A Ma-chine Learn-ing Frame-work for Bayesian

\hbox(11.62029+4.51895)x483.69687, glue set - 1.0, direction TLT
.\glue(\leftskip) 22.0
.\whatsit
..\localinterlinepenalty=0
..\localbrokenpenalty=0
..\localleftbox=null
..\localrightbox=null
.\hbox(0.0+0.0)x0.0, direction TLT
.\hbox(11.62029+4.51895)x0.0, glue set - 22.0fil, direction TLT
..\glue 0.0 plus 1.0fil minus 1.0fil
..\hbox(11.62029+4.51895)x22.0, direction TLT
...\hbox(11.62029+4.51895)x22.0, glue set 6.71fil, direction TLT []
.\hbox(11.62029+4.51895)x0.0, direction TLT
.etc.

pages           > flushing realpage 4, userpage 4
structure       > sectioning > subsubsection @ level 5 : 0.0.0.5.4 -> Member of Ph.D.~Committee
structure       > sectioning > subsection @ level 4 : 0.0.0.6 -> Publications
structure       > sectioning > subsubsection @ level 5 : 0.0.0.6.1 -> Journal Articles and Book Chapters
pages           > flushing realpage 5, userpage 5
structure       > sectioning > subsubsection @ level 5 : 0.0.0.6.2 -> Patents
pages           > flushing realpage 6, userpage 6

Overfull \hbox (7.82558pt too wide) in paragraph at lines 649--653
 \3>helvetica-11pt-ss-tf-0--0 nal-to-noise ra-tio loss data, USA patent reg-is-tered for GN Re-Sound, no. 20040047474, 03/11/2004 

\hbox(8.217+2.398)x483.69687, glue set - 1.0, direction TLT
.\glue(\leftskip) 22.0
.\3>helvetica-11pt-ss-tf-0--0 n
.\3>helvetica-11pt-ss-tf-0--0 a
.\3>helvetica-11pt-ss-tf-0--0 l
.\3>helvetica-11pt-ss-tf-0--0 -
.etc.

structure       > sectioning > subsubsection @ level 5 : 0.0.0.6.3 -> Professional Interviews
structure       > sectioning > subsubsection @ level 5 : 0.0.0.6.4 -> Conferences and Workshops
pages           > flushing realpage 7, userpage 7
pages           > flushing realpage 8, userpage 8
pages           > flushing realpage 9, userpage 9
pages           > flushing realpage 10, userpage 10
 ) )</usr/share/texmf/fonts/opentype/public/tex-gyre/texgyreheros-bolditalic.otf></usr/share/texlive/texmf-dist/fonts/opentype/public/lm-math/latinmodern-math.otf></usr/share/texmf/fonts/opentype/public/tex-gyre/texgyreheros-bold.otf></usr/share/texmf/fonts/opentype/public/tex-gyre/texgyreheros-italic.otf></usr/share/texmf/fonts/opentype/public/tex-gyre/texgyreheros-regular.otf>

system          > files > start used files

used files      >    1: filename=cont-yes.mkiv filetype=tex foundname=/usr/share/texmf/tex/context/base/cont-yes.mkiv usedmethod=database
used files      >    2: filename=cont-new.mkiv filetype=tex foundname=/usr/share/texmf/tex/context/base/cont-new.mkiv usedmethod=database
used files      >    3: filename=lang-us.lua filetype=lua foundname=/usr/share/texmf/tex/context/patterns/lang-us.lua usedmethod=database
used files      >    4: filename=/home/bert/Dropbox/Public/cv/bdevries-cv.tex foundname=/home/bert/Dropbox/Public/cv/bdevries-cv.tex usedmethod=direct
used files      >    5: filename=type-imp-texgyre.mkiv filetype=tex foundname=/usr/share/texmf/tex/context/base/type-imp-texgyre.mkiv usedmethod=database
used files      >    6: filename=lm.lfg filetype=tex foundname=/usr/share/texmf/tex/context/fonts/lm.lfg usedmethod=database
used files      >    7: filename=lm-math.lfg filetype=tex foundname=/usr/share/texmf/tex/context/fonts/lm-math.lfg usedmethod=database
used files      >    8: filename=lm-math.map filetype=map format=map foundname=/usr/share/texmf/fonts/map/dvips/lm/lm-math.map usedmethod=database
used files      >    9: filename=lm-rm.map filetype=map format=map foundname=/usr/share/texmf/fonts/map/dvips/lm/lm-rm.map usedmethod=database
used files      >   10: filename=mkiv-base.map filetype=map format=map foundname=/usr/share/texmf/fonts/map/pdftex/context/mkiv-base.map usedmethod=database
used files      >   11: filename=texgyreheros-regular filetype=otf format=otf foundname=/usr/share/texmf/fonts/opentype/public/tex-gyre/texgyreheros-regular.otf usedmethod=database
used files      >   12: filename=latinmodern-math.otf filetype=opentypefonts foundname=/usr/share/texlive/texmf-dist/fonts/opentype/public/lm-math/latinmodern-math.otf usedmethod=database
used files      >   13: filename=latinmodern-math.otf filetype=otf format=otf foundname=/usr/share/texlive/texmf-dist/fonts/opentype/public/lm-math/latinmodern-math.otf usedmethod=database
used files      >   14: filename=texgyreheros-italic filetype=otf format=otf foundname=/usr/share/texmf/fonts/opentype/public/tex-gyre/texgyreheros-italic.otf usedmethod=database
used files      >   15: filename=texgyreheros-bold filetype=otf format=otf foundname=/usr/share/texmf/fonts/opentype/public/tex-gyre/texgyreheros-bold.otf usedmethod=database
used files      >   16: filename=texgyreheros-bolditalic filetype=otf format=otf foundname=/usr/share/texmf/fonts/opentype/public/tex-gyre/texgyreheros-bolditalic.otf usedmethod=database
used files      >   17: filename=lpdf-pdx.xml filetype=tex foundname=/usr/share/texmf/tex/context/base/lpdf-pdx.xml usedmethod=database

system          > files > stop used files


system          > structure > start used structure

used structure  > text: bdevries-cv

system          > structure > stop used structure


system          > files > start used files

used file       >    1: filename=cont-yes.mkiv filetype=tex foundname=/usr/share/texmf/tex/context/base/cont-yes.mkiv usedmethod=database
used file       >    2: filename=cont-new.mkiv filetype=tex foundname=/usr/share/texmf/tex/context/base/cont-new.mkiv usedmethod=database
used file       >    3: filename=lang-us.lua filetype=lua foundname=/usr/share/texmf/tex/context/patterns/lang-us.lua usedmethod=database
used file       >    4: filename=/home/bert/Dropbox/Public/cv/bdevries-cv.tex foundname=/home/bert/Dropbox/Public/cv/bdevries-cv.tex usedmethod=direct
used file       >    5: filename=type-imp-texgyre.mkiv filetype=tex foundname=/usr/share/texmf/tex/context/base/type-imp-texgyre.mkiv usedmethod=database
used file       >    6: filename=lm.lfg filetype=tex foundname=/usr/share/texmf/tex/context/fonts/lm.lfg usedmethod=database
used file       >    7: filename=lm-math.lfg filetype=tex foundname=/usr/share/texmf/tex/context/fonts/lm-math.lfg usedmethod=database
used file       >    8: filename=lm-math.map filetype=map format=map foundname=/usr/share/texmf/fonts/map/dvips/lm/lm-math.map usedmethod=database
used file       >    9: filename=lm-rm.map filetype=map format=map foundname=/usr/share/texmf/fonts/map/dvips/lm/lm-rm.map usedmethod=database
used file       >   10: filename=mkiv-base.map filetype=map format=map foundname=/usr/share/texmf/fonts/map/pdftex/context/mkiv-base.map usedmethod=database
used file       >   11: filename=texgyreheros-regular filetype=otf format=otf foundname=/usr/share/texmf/fonts/opentype/public/tex-gyre/texgyreheros-regular.otf usedmethod=database
used file       >   12: filename=latinmodern-math.otf filetype=opentypefonts foundname=/usr/share/texlive/texmf-dist/fonts/opentype/public/lm-math/latinmodern-math.otf usedmethod=database
used file       >   13: filename=latinmodern-math.otf filetype=otf format=otf foundname=/usr/share/texlive/texmf-dist/fonts/opentype/public/lm-math/latinmodern-math.otf usedmethod=database
used file       >   14: filename=texgyreheros-italic filetype=otf format=otf foundname=/usr/share/texmf/fonts/opentype/public/tex-gyre/texgyreheros-italic.otf usedmethod=database
used file       >   15: filename=texgyreheros-bold filetype=otf format=otf foundname=/usr/share/texmf/fonts/opentype/public/tex-gyre/texgyreheros-bold.otf usedmethod=database
used file       >   16: filename=texgyreheros-bolditalic filetype=otf format=otf foundname=/usr/share/texmf/fonts/opentype/public/tex-gyre/texgyreheros-bolditalic.otf usedmethod=database
used file       >   17: filename=lpdf-pdx.xml filetype=tex foundname=/usr/share/texmf/tex/context/base/lpdf-pdx.xml usedmethod=database

system          > files > stop used files


system          > options > start commandline options

used option     > currentrun="2"
used option     > fulljobname="./bdevries-cv.tex"
used option     > input="./bdevries-cv.tex"
used option     > kindofrun="2"
used option     > maxnofruns="8"
used option     > no-parse-first-line="true"

system          > options > stop commandline options

system          > options > start commandline files

used file       >    1: ./bdevries-cv.tex

system          > options > stop commandline files



mkiv lua stats  > used config file: selfautodir:/share/texmf/web2c/texmfcnf.lua
mkiv lua stats  > used cache path: readable: '/var/lib/texmf/luatex-cache/context/f919750633122078d706dd10f1cfd39b' | readable+writable: '/home/bert/.texmf-var/luatex-cache/context/f919750633122078d706dd10f1cfd39b'
mkiv lua stats  > resource resolver: loadtime 0.073 seconds, 1 scans with scantime 0.000 seconds, 0 shared scans, 17 found files, scanned paths: /home/bert/texmf
mkiv lua stats  > stored bytecode data: 329 modules (0.180 sec), 69 tables (0.003 sec), 398 chunks (0.183 sec)
mkiv lua stats  > cleaned up reserved nodes: 47 nodes, 9 lists of 441
mkiv lua stats  > node memory usage: 2 glue, 3 penalty, 12 attribute, 101 glue_spec, 3 attribute_list
mkiv lua stats  > node list callback tasks: 6 unique task lists, 6 instances (re)created, 2185 calls
mkiv lua stats  > h-node processing time: 0.253 seconds including kernel
mkiv lua stats  > attribute processing time: 0.054 seconds front- and backend
mkiv lua stats  > used backend: pdf (backend for directly generating pdf output)
mkiv lua stats  > loaded patterns: en::2, load time: 0.000
mkiv lua stats  > jobdata time: 0.004 seconds saving, 0.002 seconds loading
mkiv lua stats  > callbacks: 4216 direct, 1386 indirect, 5602 total
mkiv lua stats  > randomizer: resumed with value 0.86172578617079
mkiv lua stats  > lxml preparation time: 0.000 seconds, 0 nodes, 15 lpath calls, 0 cached calls
mkiv lua stats  > interactive elements: 50 references, 24 destinations
mkiv lua stats  > v-node processing time: 0.020 seconds 
mkiv lua stats  > result saved in file: bdevries-cv.pdf, compresslevel 3, objectcompreslevel 3
mkiv lua stats  > loaded fonts: 5 files: latinmodern-math.otf (experimental), texgyreheros-bold.otf, texgyreheros-bolditalic.otf, texgyreheros-italic.otf, texgyreheros-regular.otf
mkiv lua stats  > fonts load time: 0.183 seconds 
mkiv lua stats  > pdf annotations: 50 embedded, 50 unique
mkiv lua stats  > luatex banner: this is luatex, version beta-0.76.0-2013121407  (tex live 2013/dev/debian) (rev 4627)
mkiv lua stats  > control sequences: 37694 of 65536 + 100000
mkiv lua stats  > current memory usage: 75 MB (ctx: 70 MB)
mkiv lua stats  > runtime: 1.474 seconds, 10 processed pages, 10 shipped pages, 6.784 pages/second

